<?xml version="1.0" encoding="UTF-8"?>
<!-- Generated by org.testng.reporters.JUnitXMLReporter -->
<testsuite ignored="9" hostname="Win10-2-205" failures="0" tests="1" name="Default test" time="15.764" errors="0" timestamp="2022-01-21T16:55:38 IST">
  <testcase classname="restassuredtestcases.Get_Post_Request_assignment8" name="endToEndAPITest" time="15.698"/>
  <testcase classname="restassuredtestcases.Get_Post_Request_assignment8" name="testValidateGetSingleResourceNotFound" time="0.0">
    <ignored/>
  </testcase> <!-- testValidateGetSingleResourceNotFound -->
  <testcase classname="restassuredtestcases.Get_Post_Request_assignment8" name="testPostRegisterUnSuccessfull" time="0.0">
    <ignored/>
  </testcase> <!-- testPostRegisterUnSuccessfull -->
  <testcase classname="restassuredtestcases.Get_Post_Request_assignment8" name="testGetSingleUserData" time="0.0">
    <ignored/>
  </testcase> <!-- testGetSingleUserData -->
  <testcase classname="restassuredtestcases.Get_Post_Request_assignment8" name="testValidateGetSingleResourceData" time="0.0">
    <ignored/>
  </testcase> <!-- testValidateGetSingleResourceData -->
  <testcase classname="restassuredtestcases.Get_Post_Request_assignment8" name="testPostLoginUnSuccessfull" time="0.0">
    <ignored/>
  </testcase> <!-- testPostLoginUnSuccessfull -->
  <testcase classname="restassuredtestcases.Get_Post_Request_assignment8" name="testValidateGetListResourceData" time="0.0">
    <ignored/>
  </testcase> <!-- testValidateGetListResourceData -->
  <testcase classname="restassuredtestcases.Get_Post_Request_assignment8" name="testValidateGetUserNotFound" time="0.0">
    <ignored/>
  </testcase> <!-- testValidateGetUserNotFound -->
  <testcase classname="restassuredtestcases.Get_Post_Request_assignment8" name="testPostLoginSuccessfull" time="0.0">
    <ignored/>
  </testcase> <!-- testPostLoginSuccessfull -->
  <testcase classname="restassuredtestcases.Get_Post_Request_assignment8" name="testPostRegisterSuccessfull" time="0.0">
    <ignored/>
  </testcase> <!-- testPostRegisterSuccessfull -->
</testsuite> <!-- Default test -->
