<?xml version="1.0" encoding="UTF-8"?>
<testng-results ignored="9" total="10" passed="1" failed="0" skipped="0">
  <reporter-output>
  </reporter-output>
  <suite started-at="2022-01-21T16:55:22 IST" name="Default suite" finished-at="2022-01-21T16:55:38 IST" duration-ms="15764">
    <groups>
    </groups>
    <test started-at="2022-01-21T16:55:22 IST" name="Default test" finished-at="2022-01-21T16:55:38 IST" duration-ms="15764">
      <class name="restassuredtestcases.Get_Post_Request_assignment8">
        <test-method signature="endToEndAPITest()[pri:0, instance:restassuredtestcases.Get_Post_Request_assignment8@378542de]" started-at="2022-01-21T16:55:22 IST" name="endToEndAPITest" finished-at="2022-01-21T16:55:38 IST" duration-ms="15698" status="PASS">
          <reporter-output>
          </reporter-output>
        </test-method> <!-- endToEndAPITest -->
      </class> <!-- restassuredtestcases.Get_Post_Request_assignment8 -->
    </test> <!-- Default test -->
  </suite> <!-- Default suite -->
</testng-results>
